<?xml version="1.0" encoding="utf-8"?>
<coverage line-rate="0.7317" branch-rate="0.49689999999999995" version="1.9" timestamp="1684758119" lines-covered="682" lines-valid="932" branches-covered="162" branches-valid="326">
  <sources>
    <source>C:\AzureFunctionsExtensions\azure-functions-dapr-extension\src\</source>
  </sources>
  <packages>
    <package name="Microsoft.Azure.Functions.Extensions.Dapr.Core" line-rate="0.7547" branch-rate="0.5" complexity="22">
      <classes>
        <class name="Microsoft.Azure.Functions.Extensions.Dapr.Core.DaprBindingMessage" filename="Microsoft.Azure.Functions.Extensions.Dapr.Core\DaprBindingMessage.cs" line-rate="0.8234999999999999" branch-rate="0.5" complexity="6">
          <methods>
            <method name="get_Data" signature="()" line-rate="1" branch-rate="1" complexity="1">
              <lines>
                <line number="56" hits="64" branch="False" />
              </lines>
            </method>
            <method name="get_Operation" signature="()" line-rate="1" branch-rate="1" complexity="1">
              <lines>
                <line number="63" hits="124" branch="False" />
              </lines>
            </method>
            <method name="get_Metadata" signature="()" line-rate="1" branch-rate="1" complexity="1">
              <lines>
                <line number="70" hits="73" branch="False" />
              </lines>
            </method>
            <method name="get_BindingName" signature="()" line-rate="1" branch-rate="1" complexity="1">
              <lines>
                <line number="76" hits="123" branch="False" />
              </lines>
            </method>
            <method name=".ctor" signature="(System.Object,System.Collections.Generic.Dictionary`2&lt;System.String,System.Object&gt;,System.String,System.String)" line-rate="0.7692" branch-rate="0.5" complexity="2">
              <lines>
                <line number="28" hits="33" branch="False" />
                <line number="30" hits="33" branch="True" condition-coverage="50% (1/2)">
                  <conditions>
                    <condition number="7" type="jump" coverage="50%" />
                  </conditions>
                </line>
                <line number="32" hits="0" branch="False" />
                <line number="35" hits="33" branch="False" />
                <line number="38" hits="33" branch="False" />
                <line number="39" hits="33" branch="False" />
                <line number="40" hits="0" branch="False" />
                <line number="42" hits="0" branch="False" />
                <line number="45" hits="33" branch="False" />
                <line number="46" hits="33" branch="False" />
                <line number="47" hits="33" branch="False" />
                <line number="48" hits="33" branch="False" />
                <line number="49" hits="33" branch="False" />
              </lines>
            </method>
          </methods>
          <lines>
            <line number="56" hits="64" branch="False" />
            <line number="63" hits="124" branch="False" />
            <line number="70" hits="73" branch="False" />
            <line number="76" hits="123" branch="False" />
            <line number="28" hits="33" branch="False" />
            <line number="30" hits="33" branch="True" condition-coverage="50% (1/2)">
              <conditions>
                <condition number="7" type="jump" coverage="50%" />
              </conditions>
            </line>
            <line number="32" hits="0" branch="False" />
            <line number="35" hits="33" branch="False" />
            <line number="38" hits="33" branch="False" />
            <line number="39" hits="33" branch="False" />
            <line number="40" hits="0" branch="False" />
            <line number="42" hits="0" branch="False" />
            <line number="45" hits="33" branch="False" />
            <line number="46" hits="33" branch="False" />
            <line number="47" hits="33" branch="False" />
            <line number="48" hits="33" branch="False" />
            <line number="49" hits="33" branch="False" />
          </lines>
        </class>
        <class name="Microsoft.Azure.Functions.Extensions.Dapr.Core.DaprPubSubEvent" filename="Microsoft.Azure.Functions.Extensions.Dapr.Core\DaprPubSubEvent.cs" line-rate="0.8" branch-rate="0.5" complexity="5">
          <methods>
            <method name="get_PubSubName" signature="()" line-rate="1" branch-rate="1" complexity="1">
              <lines>
                <line number="55" hits="90" branch="False" />
              </lines>
            </method>
            <method name="get_Topic" signature="()" line-rate="1" branch-rate="1" complexity="1">
              <lines>
                <line number="64" hits="89" branch="False" />
              </lines>
            </method>
            <method name="get_Payload" signature="()" line-rate="1" branch-rate="1" complexity="1">
              <lines>
                <line number="74" hits="24" branch="False" />
              </lines>
            </method>
            <method name=".ctor" signature="(System.Object,System.String,System.String)" line-rate="0.75" branch-rate="0.5" complexity="2">
              <lines>
                <line number="26" hits="23" branch="False" />
                <line number="28" hits="23" branch="True" condition-coverage="50% (1/2)">
                  <conditions>
                    <condition number="7" type="jump" coverage="50%" />
                  </conditions>
                </line>
                <line number="30" hits="0" branch="False" />
                <line number="33" hits="23" branch="False" />
                <line number="36" hits="23" branch="False" />
                <line number="37" hits="23" branch="False" />
                <line number="38" hits="0" branch="False" />
                <line number="40" hits="0" branch="False" />
                <line number="43" hits="23" branch="False" />
                <line number="44" hits="23" branch="False" />
                <line number="45" hits="23" branch="False" />
                <line number="46" hits="23" branch="False" />
              </lines>
            </method>
          </methods>
          <lines>
            <line number="55" hits="90" branch="False" />
            <line number="64" hits="89" branch="False" />
            <line number="74" hits="24" branch="False" />
            <line number="26" hits="23" branch="False" />
            <line number="28" hits="23" branch="True" condition-coverage="50% (1/2)">
              <conditions>
                <condition number="7" type="jump" coverage="50%" />
              </conditions>
            </line>
            <line number="30" hits="0" branch="False" />
            <line number="33" hits="23" branch="False" />
            <line number="36" hits="23" branch="False" />
            <line number="37" hits="23" branch="False" />
            <line number="38" hits="0" branch="False" />
            <line number="40" hits="0" branch="False" />
            <line number="43" hits="23" branch="False" />
            <line number="44" hits="23" branch="False" />
            <line number="45" hits="23" branch="False" />
            <line number="46" hits="23" branch="False" />
          </lines>
        </class>
        <class name="Microsoft.Azure.Functions.Extensions.Dapr.Core.DaprTopicSubscription" filename="Microsoft.Azure.Functions.Extensions.Dapr.Core\DaprTopicSubscription.cs" line-rate="1" branch-rate="1" complexity="4">
          <methods>
            <method name="get_PubSubName" signature="()" line-rate="1" branch-rate="1" complexity="1">
              <lines>
                <line number="33" hits="230" branch="False" />
              </lines>
            </method>
            <method name="get_Topic" signature="()" line-rate="1" branch-rate="1" complexity="1">
              <lines>
                <line number="39" hits="230" branch="False" />
              </lines>
            </method>
            <method name="get_Route" signature="()" line-rate="1" branch-rate="1" complexity="1">
              <lines>
                <line number="45" hits="340" branch="False" />
              </lines>
            </method>
            <method name=".ctor" signature="(System.String,System.String,System.String)" line-rate="1" branch-rate="1" complexity="1">
              <lines>
                <line number="22" hits="110" branch="False" />
                <line number="24" hits="110" branch="False" />
                <line number="25" hits="110" branch="False" />
                <line number="26" hits="110" branch="False" />
                <line number="27" hits="110" branch="False" />
              </lines>
            </method>
          </methods>
          <lines>
            <line number="33" hits="230" branch="False" />
            <line number="39" hits="230" branch="False" />
            <line number="45" hits="340" branch="False" />
            <line number="22" hits="110" branch="False" />
            <line number="24" hits="110" branch="False" />
            <line number="25" hits="110" branch="False" />
            <line number="26" hits="110" branch="False" />
            <line number="27" hits="110" branch="False" />
          </lines>
        </class>
        <class name="Microsoft.Azure.Functions.Extensions.Dapr.Core.InvokeMethodParameters" filename="Microsoft.Azure.Functions.Extensions.Dapr.Core\InvokeMethodParameters.cs" line-rate="0" branch-rate="1" complexity="4">
          <methods>
            <method name="get_AppId" signature="()" line-rate="0" branch-rate="1" complexity="1">
              <lines>
                <line number="16" hits="0" branch="False" />
              </lines>
            </method>
            <method name="get_MethodName" signature="()" line-rate="0" branch-rate="1" complexity="1">
              <lines>
                <line number="21" hits="0" branch="False" />
              </lines>
            </method>
            <method name="get_HttpVerb" signature="()" line-rate="0" branch-rate="1" complexity="1">
              <lines>
                <line number="26" hits="0" branch="False" />
              </lines>
            </method>
            <method name="get_Body" signature="()" line-rate="0" branch-rate="1" complexity="1">
              <lines>
                <line number="31" hits="0" branch="False" />
              </lines>
            </method>
          </methods>
          <lines>
            <line number="16" hits="0" branch="False" />
            <line number="21" hits="0" branch="False" />
            <line number="26" hits="0" branch="False" />
            <line number="31" hits="0" branch="False" />
          </lines>
        </class>
        <class name="Microsoft.Azure.Functions.Extensions.Dapr.Core.Utils.JsonUtils" filename="Microsoft.Azure.Functions.Extensions.Dapr.Core\Utils\JsonUtils.cs" line-rate="1" branch-rate="1" complexity="1">
          <methods>
            <method name=".cctor" signature="()" line-rate="1" branch-rate="1" complexity="1">
              <lines>
                <line number="21" hits="1" branch="False" />
                <line number="22" hits="1" branch="False" />
                <line number="23" hits="1" branch="False" />
                <line number="24" hits="1" branch="False" />
              </lines>
            </method>
          </methods>
          <lines>
            <line number="21" hits="1" branch="False" />
            <line number="22" hits="1" branch="False" />
            <line number="23" hits="1" branch="False" />
            <line number="24" hits="1" branch="False" />
          </lines>
        </class>
        <class name="Microsoft.Azure.Functions.Extensions.Dapr.Core.Utils.JsonUtils/JsonElementConverter" filename="Microsoft.Azure.Functions.Extensions.Dapr.Core\Utils\JsonUtils.cs" line-rate="0.4" branch-rate="1" complexity="2">
          <methods>
            <method name="Read" signature="(System.Text.Json.Utf8JsonReader&amp;,System.Type,System.Text.Json.JsonSerializerOptions)" line-rate="0" branch-rate="1" complexity="1">
              <lines>
                <line number="34" hits="0" branch="False" />
                <line number="35" hits="0" branch="False" />
                <line number="36" hits="0" branch="False" />
              </lines>
            </method>
            <method name="Write" signature="(System.Text.Json.Utf8JsonWriter,System.Text.Json.JsonElement,System.Text.Json.JsonSerializerOptions)" line-rate="1" branch-rate="1" complexity="1">
              <lines>
                <line number="41" hits="56" branch="False" />
                <line number="42" hits="56" branch="False" />
              </lines>
            </method>
          </methods>
          <lines>
            <line number="34" hits="0" branch="False" />
            <line number="35" hits="0" branch="False" />
            <line number="36" hits="0" branch="False" />
            <line number="41" hits="56" branch="False" />
            <line number="42" hits="56" branch="False" />
          </lines>
        </class>
      </classes>
    </package>
    <package name="Microsoft.Azure.WebJobs.Extensions.Dapr" line-rate="0.7303000000000001" branch-rate="0.4968" complexity="436">
      <classes>
        <class name="Microsoft.Azure.WebJobs.Extensions.Dapr.DaprBaseAttribute" filename="Microsoft.Azure.WebJobs.Extensions.Dapr\Bindings\DaprBaseAttribute.cs" line-rate="1" branch-rate="1" complexity="1">
          <methods>
            <method name="get_DaprAddress" signature="()" line-rate="1" branch-rate="1" complexity="1">
              <lines>
                <line number="25" hits="2379" branch="False" />
              </lines>
            </method>
          </methods>
          <lines>
            <line number="25" hits="2379" branch="False" />
          </lines>
        </class>
        <class name="Microsoft.Azure.WebJobs.Extensions.Dapr.DaprBindingAsyncCollector" filename="Microsoft.Azure.WebJobs.Extensions.Dapr\Bindings\DaprBindingAsyncCollector.cs" line-rate="1" branch-rate="1" complexity="9">
          <methods>
            <method name="AddAsync" signature="(Microsoft.Azure.Functions.Extensions.Dapr.Core.DaprBindingMessage,System.Threading.CancellationToken)" line-rate="1" branch-rate="1" complexity="8">
              <lines>
                <line number="30" hits="32" branch="True" condition-coverage="100% (4/4)">
                  <conditions>
                    <condition number="8" type="jump" coverage="100%" />
                    <condition number="23" type="jump" coverage="100%" />
                  </conditions>
                </line>
                <line number="31" hits="31" branch="True" condition-coverage="100% (4/4)">
                  <conditions>
                    <condition number="52" type="jump" coverage="100%" />
                    <condition number="67" type="jump" coverage="100%" />
                  </conditions>
                </line>
                <line number="33" hits="30" branch="False" />
                <line number="34" hits="30" branch="False" />
              </lines>
            </method>
            <method name=".ctor" signature="(Microsoft.Azure.WebJobs.Extensions.Dapr.DaprBindingAttribute,Microsoft.Azure.WebJobs.Extensions.Dapr.Services.IDaprServiceClient)" line-rate="1" branch-rate="1" complexity="1">
              <lines>
                <line number="18" hits="31" branch="False" />
                <line number="22" hits="31" branch="False" />
                <line number="24" hits="31" branch="False" />
                <line number="25" hits="31" branch="False" />
                <line number="26" hits="31" branch="False" />
              </lines>
            </method>
          </methods>
          <lines>
            <line number="30" hits="32" branch="True" condition-coverage="100% (4/4)">
              <conditions>
                <condition number="8" type="jump" coverage="100%" />
                <condition number="23" type="jump" coverage="100%" />
              </conditions>
            </line>
            <line number="31" hits="31" branch="True" condition-coverage="100% (4/4)">
              <conditions>
                <condition number="52" type="jump" coverage="100%" />
                <condition number="67" type="jump" coverage="100%" />
              </conditions>
            </line>
            <line number="33" hits="30" branch="False" />
            <line number="34" hits="30" branch="False" />
            <line number="18" hits="31" branch="False" />
            <line number="22" hits="31" branch="False" />
            <line number="24" hits="31" branch="False" />
            <line number="25" hits="31" branch="False" />
            <line number="26" hits="31" branch="False" />
          </lines>
        </class>
        <class name="Microsoft.Azure.WebJobs.Extensions.Dapr.DaprBindingAsyncCollector/&lt;FlushAsync&gt;d__5" filename="Microsoft.Azure.WebJobs.Extensions.Dapr\Bindings\DaprBindingAsyncCollector.cs" line-rate="1" branch-rate="1" complexity="2">
          <methods>
            <method name="MoveNext" signature="()" line-rate="1" branch-rate="1" complexity="2">
              <lines>
                <line number="39" hits="59" branch="True" condition-coverage="100% (2/2)">
                  <conditions>
                    <condition number="30" type="jump" coverage="100%" />
                  </conditions>
                </line>
                <line number="41" hits="30" branch="False" />
                <line number="42" hits="30" branch="False" />
                <line number="43" hits="30" branch="False" />
                <line number="44" hits="30" branch="False" />
                <line number="45" hits="30" branch="False" />
                <line number="46" hits="29" branch="False" />
              </lines>
            </method>
          </methods>
          <lines>
            <line number="39" hits="59" branch="True" condition-coverage="100% (2/2)">
              <conditions>
                <condition number="30" type="jump" coverage="100%" />
              </conditions>
            </line>
            <line number="41" hits="30" branch="False" />
            <line number="42" hits="30" branch="False" />
            <line number="43" hits="30" branch="False" />
            <line number="44" hits="30" branch="False" />
            <line number="45" hits="30" branch="False" />
            <line number="46" hits="29" branch="False" />
          </lines>
        </class>
        <class name="Microsoft.Azure.WebJobs.Extensions.Dapr.DaprBindingAttribute" filename="Microsoft.Azure.WebJobs.Extensions.Dapr\Bindings\DaprBindingAttribute.cs" line-rate="1" branch-rate="1" complexity="2">
          <methods>
            <method name="get_BindingName" signature="()" line-rate="1" branch-rate="1" complexity="1">
              <lines>
                <line number="22" hits="502" branch="False" />
              </lines>
            </method>
            <method name="get_Operation" signature="()" line-rate="1" branch-rate="1" complexity="1">
              <lines>
                <line number="28" hits="567" branch="False" />
              </lines>
            </method>
          </methods>
          <lines>
            <line number="22" hits="502" branch="False" />
            <line number="28" hits="567" branch="False" />
          </lines>
        </class>
        <class name="Microsoft.Azure.WebJobs.Extensions.Dapr.DaprInvokeAttribute" filename="Microsoft.Azure.WebJobs.Extensions.Dapr\Bindings\DaprInvokeAttribute.cs" line-rate="0" branch-rate="1" complexity="3">
          <methods>
            <method name="get_AppId" signature="()" line-rate="0" branch-rate="1" complexity="1">
              <lines>
                <line number="22" hits="0" branch="False" />
              </lines>
            </method>
            <method name="get_MethodName" signature="()" line-rate="0" branch-rate="1" complexity="1">
              <lines>
                <line number="28" hits="0" branch="False" />
              </lines>
            </method>
            <method name="get_HttpVerb" signature="()" line-rate="0" branch-rate="1" complexity="1">
              <lines>
                <line number="34" hits="0" branch="False" />
              </lines>
            </method>
          </methods>
          <lines>
            <line number="22" hits="0" branch="False" />
            <line number="28" hits="0" branch="False" />
            <line number="34" hits="0" branch="False" />
          </lines>
        </class>
        <class name="Microsoft.Azure.WebJobs.Extensions.Dapr.DaprInvokeMethodAsyncCollector" filename="Microsoft.Azure.WebJobs.Extensions.Dapr\Bindings\DaprInvokeMethodAsyncCollector.cs" line-rate="0" branch-rate="0" complexity="13">
          <methods>
            <method name="AddAsync" signature="(Microsoft.Azure.Functions.Extensions.Dapr.Core.InvokeMethodParameters,System.Threading.CancellationToken)" line-rate="0" branch-rate="0" complexity="12">
              <lines>
                <line number="30" hits="0" branch="True" condition-coverage="0% (0/2)">
                  <conditions>
                    <condition number="6" type="jump" coverage="0%" />
                  </conditions>
                </line>
                <line number="32" hits="0" branch="True" condition-coverage="0% (0/2)">
                  <conditions>
                    <condition number="21" type="jump" coverage="0%" />
                  </conditions>
                </line>
                <line number="35" hits="0" branch="True" condition-coverage="0% (0/2)">
                  <conditions>
                    <condition number="46" type="jump" coverage="0%" />
                  </conditions>
                </line>
                <line number="37" hits="0" branch="True" condition-coverage="0% (0/2)">
                  <conditions>
                    <condition number="61" type="jump" coverage="0%" />
                  </conditions>
                </line>
                <line number="40" hits="0" branch="True" condition-coverage="0% (0/2)">
                  <conditions>
                    <condition number="86" type="jump" coverage="0%" />
                  </conditions>
                </line>
                <line number="42" hits="0" branch="True" condition-coverage="0% (0/2)">
                  <conditions>
                    <condition number="101" type="jump" coverage="0%" />
                  </conditions>
                </line>
                <line number="45" hits="0" branch="False" />
                <line number="46" hits="0" branch="False" />
              </lines>
            </method>
            <method name=".ctor" signature="(Microsoft.Azure.WebJobs.Extensions.Dapr.DaprInvokeAttribute,Microsoft.Azure.WebJobs.Extensions.Dapr.Services.IDaprServiceClient)" line-rate="0" branch-rate="1" complexity="1">
              <lines>
                <line number="18" hits="0" branch="False" />
                <line number="22" hits="0" branch="False" />
                <line number="24" hits="0" branch="False" />
                <line number="25" hits="0" branch="False" />
                <line number="26" hits="0" branch="False" />
              </lines>
            </method>
          </methods>
          <lines>
            <line number="30" hits="0" branch="True" condition-coverage="0% (0/2)">
              <conditions>
                <condition number="6" type="jump" coverage="0%" />
              </conditions>
            </line>
            <line number="32" hits="0" branch="True" condition-coverage="0% (0/2)">
              <conditions>
                <condition number="21" type="jump" coverage="0%" />
              </conditions>
            </line>
            <line number="35" hits="0" branch="True" condition-coverage="0% (0/2)">
              <conditions>
                <condition number="46" type="jump" coverage="0%" />
              </conditions>
            </line>
            <line number="37" hits="0" branch="True" condition-coverage="0% (0/2)">
              <conditions>
                <condition number="61" type="jump" coverage="0%" />
              </conditions>
            </line>
            <line number="40" hits="0" branch="True" condition-coverage="0% (0/2)">
              <conditions>
                <condition number="86" type="jump" coverage="0%" />
              </conditions>
            </line>
            <line number="42" hits="0" branch="True" condition-coverage="0% (0/2)">
              <conditions>
                <condition number="101" type="jump" coverage="0%" />
              </conditions>
            </line>
            <line number="45" hits="0" branch="False" />
            <line number="46" hits="0" branch="False" />
            <line number="18" hits="0" branch="False" />
            <line number="22" hits="0" branch="False" />
            <line number="24" hits="0" branch="False" />
            <line number="25" hits="0" branch="False" />
            <line number="26" hits="0" branch="False" />
          </lines>
        </class>
        <class name="Microsoft.Azure.WebJobs.Extensions.Dapr.DaprInvokeMethodAsyncCollector/&lt;FlushAsync&gt;d__5" filename="Microsoft.Azure.WebJobs.Extensions.Dapr\Bindings\DaprInvokeMethodAsyncCollector.cs" line-rate="0" branch-rate="0" complexity="2">
          <methods>
            <method name="MoveNext" signature="()" line-rate="0" branch-rate="0" complexity="2">
              <lines>
                <line number="51" hits="0" branch="True" condition-coverage="0% (0/2)">
                  <conditions>
                    <condition number="30" type="jump" coverage="0%" />
                  </conditions>
                </line>
                <line number="53" hits="0" branch="False" />
                <line number="54" hits="0" branch="False" />
                <line number="55" hits="0" branch="False" />
                <line number="56" hits="0" branch="False" />
                <line number="57" hits="0" branch="False" />
                <line number="58" hits="0" branch="False" />
                <line number="59" hits="0" branch="False" />
                <line number="60" hits="0" branch="False" />
                <line number="61" hits="0" branch="False" />
              </lines>
            </method>
          </methods>
          <lines>
            <line number="51" hits="0" branch="True" condition-coverage="0% (0/2)">
              <conditions>
                <condition number="30" type="jump" coverage="0%" />
              </conditions>
            </line>
            <line number="53" hits="0" branch="False" />
            <line number="54" hits="0" branch="False" />
            <line number="55" hits="0" branch="False" />
            <line number="56" hits="0" branch="False" />
            <line number="57" hits="0" branch="False" />
            <line number="58" hits="0" branch="False" />
            <line number="59" hits="0" branch="False" />
            <line number="60" hits="0" branch="False" />
            <line number="61" hits="0" branch="False" />
          </lines>
        </class>
        <class name="Microsoft.Azure.WebJobs.Extensions.Dapr.DaprPublishAsyncCollector" filename="Microsoft.Azure.WebJobs.Extensions.Dapr\Bindings\DaprPublishAsyncCollector.cs" line-rate="0.9473" branch-rate="0.8" complexity="11">
          <methods>
            <method name="AddAsync" signature="(Microsoft.Azure.Functions.Extensions.Dapr.Core.DaprPubSubEvent,System.Threading.CancellationToken)" line-rate="1" branch-rate="0.875" complexity="8">
              <lines>
                <line number="32" hits="23" branch="True" condition-coverage="75% (3/4)">
                  <conditions>
                    <condition number="8" type="jump" coverage="100%" />
                    <condition number="23" type="jump" coverage="50%" />
                  </conditions>
                </line>
                <line number="33" hits="23" branch="True" condition-coverage="100% (4/4)">
                  <conditions>
                    <condition number="57" type="jump" coverage="100%" />
                    <condition number="72" type="jump" coverage="100%" />
                  </conditions>
                </line>
                <line number="35" hits="22" branch="False" />
                <line number="37" hits="22" branch="False" />
              </lines>
            </method>
            <method name="FlushAsync" signature="(System.Threading.CancellationToken)" line-rate="0.9" branch-rate="0.5" complexity="2">
              <lines>
                <line number="42" hits="21" branch="True" condition-coverage="50% (1/2)">
                  <conditions>
                    <condition number="31" type="jump" coverage="50%" />
                  </conditions>
                </line>
                <line number="44" hits="0" branch="False" />
                <line number="50" hits="21" branch="False" />
                <line number="51" hits="21" branch="False" />
                <line number="52" hits="43" branch="False" />
                <line number="53" hits="43" branch="False" />
                <line number="54" hits="43" branch="False" />
                <line number="55" hits="43" branch="False" />
                <line number="56" hits="43" branch="False" />
                <line number="57" hits="43" branch="False" />
              </lines>
            </method>
            <method name=".ctor" signature="(Microsoft.Azure.WebJobs.Extensions.Dapr.DaprPublishAttribute,Microsoft.Azure.WebJobs.Extensions.Dapr.Services.IDaprServiceClient)" line-rate="1" branch-rate="1" complexity="1">
              <lines>
                <line number="19" hits="22" branch="False" />
                <line number="24" hits="22" branch="False" />
                <line number="26" hits="22" branch="False" />
                <line number="27" hits="22" branch="False" />
                <line number="28" hits="22" branch="False" />
              </lines>
            </method>
          </methods>
          <lines>
            <line number="32" hits="23" branch="True" condition-coverage="75% (3/4)">
              <conditions>
                <condition number="8" type="jump" coverage="100%" />
                <condition number="23" type="jump" coverage="50%" />
              </conditions>
            </line>
            <line number="33" hits="23" branch="True" condition-coverage="100% (4/4)">
              <conditions>
                <condition number="57" type="jump" coverage="100%" />
                <condition number="72" type="jump" coverage="100%" />
              </conditions>
            </line>
            <line number="35" hits="22" branch="False" />
            <line number="37" hits="22" branch="False" />
            <line number="42" hits="21" branch="True" condition-coverage="50% (1/2)">
              <conditions>
                <condition number="31" type="jump" coverage="50%" />
              </conditions>
            </line>
            <line number="44" hits="0" branch="False" />
            <line number="50" hits="21" branch="False" />
            <line number="51" hits="21" branch="False" />
            <line number="52" hits="43" branch="False" />
            <line number="53" hits="43" branch="False" />
            <line number="54" hits="43" branch="False" />
            <line number="55" hits="43" branch="False" />
            <line number="56" hits="43" branch="False" />
            <line number="57" hits="43" branch="False" />
            <line number="19" hits="22" branch="False" />
            <line number="24" hits="22" branch="False" />
            <line number="26" hits="22" branch="False" />
            <line number="27" hits="22" branch="False" />
            <line number="28" hits="22" branch="False" />
          </lines>
        </class>
        <class name="Microsoft.Azure.WebJobs.Extensions.Dapr.DaprPublishAttribute" filename="Microsoft.Azure.WebJobs.Extensions.Dapr\Bindings\DaprPublishAttribute.cs" line-rate="1" branch-rate="1" complexity="2">
          <methods>
            <method name="get_PubSubName" signature="()" line-rate="1" branch-rate="1" complexity="1">
              <lines>
                <line number="22" hits="462" branch="False" />
              </lines>
            </method>
            <method name="get_Topic" signature="()" line-rate="1" branch-rate="1" complexity="1">
              <lines>
                <line number="28" hits="437" branch="False" />
              </lines>
            </method>
          </methods>
          <lines>
            <line number="22" hits="462" branch="False" />
            <line number="28" hits="437" branch="False" />
          </lines>
        </class>
        <class name="Microsoft.Azure.WebJobs.Extensions.Dapr.DaprSaveStateAsyncCollector" filename="Microsoft.Azure.WebJobs.Extensions.Dapr\Bindings\DaprSaveStateAsyncCollector.cs" line-rate="1" branch-rate="0.75" complexity="6">
          <methods>
            <method name="AddAsync" signature="(Microsoft.Azure.WebJobs.Extensions.Dapr.DaprStateRecord,System.Threading.CancellationToken)" line-rate="1" branch-rate="0.75" complexity="4">
              <lines>
                <line number="31" hits="21" branch="True" condition-coverage="100% (2/2)">
                  <conditions>
                    <condition number="6" type="jump" coverage="100%" />
                  </conditions>
                </line>
                <line number="33" hits="16" branch="True" condition-coverage="50% (1/2)">
                  <conditions>
                    <condition number="21" type="jump" coverage="50%" />
                  </conditions>
                </line>
                <line number="36" hits="21" branch="False" />
                <line number="38" hits="21" branch="False" />
              </lines>
            </method>
            <method name="FlushAsync" signature="(System.Threading.CancellationToken)" line-rate="1" branch-rate="1" complexity="1">
              <lines>
                <line number="43" hits="19" branch="False" />
                <line number="44" hits="19" branch="False" />
                <line number="45" hits="19" branch="False" />
                <line number="46" hits="19" branch="False" />
                <line number="47" hits="19" branch="False" />
              </lines>
            </method>
            <method name=".ctor" signature="(Microsoft.Azure.WebJobs.Extensions.Dapr.DaprStateAttribute,Microsoft.Azure.WebJobs.Extensions.Dapr.Services.IDaprServiceClient)" line-rate="1" branch-rate="1" complexity="1">
              <lines>
                <line number="18" hits="19" branch="False" />
                <line number="23" hits="19" branch="False" />
                <line number="25" hits="19" branch="False" />
                <line number="26" hits="19" branch="False" />
                <line number="27" hits="19" branch="False" />
              </lines>
            </method>
          </methods>
          <lines>
            <line number="31" hits="21" branch="True" condition-coverage="100% (2/2)">
              <conditions>
                <condition number="6" type="jump" coverage="100%" />
              </conditions>
            </line>
            <line number="33" hits="16" branch="True" condition-coverage="50% (1/2)">
              <conditions>
                <condition number="21" type="jump" coverage="50%" />
              </conditions>
            </line>
            <line number="36" hits="21" branch="False" />
            <line number="38" hits="21" branch="False" />
            <line number="43" hits="19" branch="False" />
            <line number="44" hits="19" branch="False" />
            <line number="45" hits="19" branch="False" />
            <line number="46" hits="19" branch="False" />
            <line number="47" hits="19" branch="False" />
            <line number="18" hits="19" branch="False" />
            <line number="23" hits="19" branch="False" />
            <line number="25" hits="19" branch="False" />
            <line number="26" hits="19" branch="False" />
            <line number="27" hits="19" branch="False" />
          </lines>
        </class>
        <class name="Microsoft.Azure.WebJobs.Extensions.Dapr.DaprSecretAttribute" filename="Microsoft.Azure.WebJobs.Extensions.Dapr\Bindings\DaprSecretAttribute.cs" line-rate="1" branch-rate="0.5" complexity="7">
          <methods>
            <method name="get_SecretStoreName" signature="()" line-rate="1" branch-rate="1" complexity="1">
              <lines>
                <line number="33" hits="1026" branch="False" />
              </lines>
            </method>
            <method name="get_Key" signature="()" line-rate="1" branch-rate="1" complexity="1">
              <lines>
                <line number="39" hits="1026" branch="False" />
              </lines>
            </method>
            <method name="get_Metadata" signature="()" line-rate="1" branch-rate="1" complexity="1">
              <lines>
                <line number="45" hits="506" branch="False" />
              </lines>
            </method>
            <method name=".ctor" signature="(System.String,System.String)" line-rate="1" branch-rate="0.5" complexity="4">
              <lines>
                <line number="23" hits="324" branch="False" />
                <line number="25" hits="324" branch="True" condition-coverage="50% (1/2)">
                  <conditions>
                    <condition number="9" type="jump" coverage="50%" />
                  </conditions>
                </line>
                <line number="26" hits="324" branch="True" condition-coverage="50% (1/2)">
                  <conditions>
                    <condition number="31" type="jump" coverage="50%" />
                  </conditions>
                </line>
                <line number="27" hits="324" branch="False" />
              </lines>
            </method>
          </methods>
          <lines>
            <line number="33" hits="1026" branch="False" />
            <line number="39" hits="1026" branch="False" />
            <line number="45" hits="506" branch="False" />
            <line number="23" hits="324" branch="False" />
            <line number="25" hits="324" branch="True" condition-coverage="50% (1/2)">
              <conditions>
                <condition number="9" type="jump" coverage="50%" />
              </conditions>
            </line>
            <line number="26" hits="324" branch="True" condition-coverage="50% (1/2)">
              <conditions>
                <condition number="31" type="jump" coverage="50%" />
              </conditions>
            </line>
            <line number="27" hits="324" branch="False" />
          </lines>
        </class>
        <class name="Microsoft.Azure.WebJobs.Extensions.Dapr.DaprStateAttribute" filename="Microsoft.Azure.WebJobs.Extensions.Dapr\Bindings\DaprStateAttribute.cs" line-rate="1" branch-rate="0.5" complexity="4">
          <methods>
            <method name="get_StateStore" signature="()" line-rate="1" branch-rate="1" complexity="1">
              <lines>
                <line number="32" hits="2835" branch="False" />
              </lines>
            </method>
            <method name="get_Key" signature="()" line-rate="1" branch-rate="1" complexity="1">
              <lines>
                <line number="38" hits="2053" branch="False" />
              </lines>
            </method>
            <method name=".ctor" signature="(System.String)" line-rate="1" branch-rate="0.5" complexity="2">
              <lines>
                <line number="22" hits="921" branch="False" />
                <line number="24" hits="921" branch="True" condition-coverage="50% (1/2)">
                  <conditions>
                    <condition number="9" type="jump" coverage="50%" />
                  </conditions>
                </line>
                <line number="25" hits="921" branch="False" />
              </lines>
            </method>
          </methods>
          <lines>
            <line number="32" hits="2835" branch="False" />
            <line number="38" hits="2053" branch="False" />
            <line number="22" hits="921" branch="False" />
            <line number="24" hits="921" branch="True" condition-coverage="50% (1/2)">
              <conditions>
                <condition number="9" type="jump" coverage="50%" />
              </conditions>
            </line>
            <line number="25" hits="921" branch="False" />
          </lines>
        </class>
        <class name="Microsoft.Azure.WebJobs.Extensions.Dapr.DaprStateRecord" filename="Microsoft.Azure.WebJobs.Extensions.Dapr\Bindings\DaprStateRecord.cs" line-rate="1" branch-rate="0.5" complexity="8">
          <methods>
            <method name="get_Key" signature="()" line-rate="1" branch-rate="1" complexity="1">
              <lines>
                <line number="50" hits="80" branch="False" />
              </lines>
            </method>
            <method name="get_Value" signature="()" line-rate="1" branch-rate="1" complexity="1">
              <lines>
                <line number="57" hits="53" branch="False" />
              </lines>
            </method>
            <method name="get_ETag" signature="()" line-rate="1" branch-rate="1" complexity="1">
              <lines>
                <line number="64" hits="26" branch="False" />
              </lines>
            </method>
            <method name="get_ContentStream" signature="()" line-rate="1" branch-rate="1" complexity="1">
              <lines>
                <line number="67" hits="51" branch="False" />
              </lines>
            </method>
            <method name=".ctor" signature="(System.String,System.Object,System.String)" line-rate="1" branch-rate="0.5" complexity="2">
              <lines>
                <line number="26" hits="7" branch="False" />
                <line number="28" hits="7" branch="True" condition-coverage="50% (1/2)">
                  <conditions>
                    <condition number="20" type="jump" coverage="50%" />
                  </conditions>
                </line>
                <line number="29" hits="7" branch="False" />
                <line number="30" hits="7" branch="False" />
                <line number="31" hits="7" branch="False" />
              </lines>
            </method>
            <method name=".ctor" signature="(System.Object)" line-rate="1" branch-rate="1" complexity="1">
              <lines>
                <line number="34" hits="18" branch="False" />
                <line number="36" hits="18" branch="False" />
                <line number="37" hits="18" branch="False" />
              </lines>
            </method>
            <method name=".ctor" signature="(System.String,System.IO.Stream,System.String)" line-rate="1" branch-rate="1" complexity="1">
              <lines>
                <line number="39" hits="8" branch="False" />
                <line number="41" hits="8" branch="False" />
                <line number="42" hits="8" branch="False" />
                <line number="43" hits="8" branch="False" />
                <line number="44" hits="8" branch="False" />
              </lines>
            </method>
          </methods>
          <lines>
            <line number="50" hits="80" branch="False" />
            <line number="57" hits="53" branch="False" />
            <line number="64" hits="26" branch="False" />
            <line number="67" hits="51" branch="False" />
            <line number="26" hits="7" branch="False" />
            <line number="28" hits="7" branch="True" condition-coverage="50% (1/2)">
              <conditions>
                <condition number="20" type="jump" coverage="50%" />
              </conditions>
            </line>
            <line number="29" hits="7" branch="False" />
            <line number="30" hits="7" branch="False" />
            <line number="31" hits="7" branch="False" />
            <line number="34" hits="18" branch="False" />
            <line number="36" hits="18" branch="False" />
            <line number="37" hits="18" branch="False" />
            <line number="39" hits="8" branch="False" />
            <line number="41" hits="8" branch="False" />
            <line number="42" hits="8" branch="False" />
            <line number="43" hits="8" branch="False" />
            <line number="44" hits="8" branch="False" />
          </lines>
        </class>
        <class name="Microsoft.Azure.WebJobs.Extensions.Dapr.DaprExtensionConfigProvider" filename="Microsoft.Azure.WebJobs.Extensions.Dapr\DaprExtensionConfigProvider.cs" line-rate="0.6992" branch-rate="0.3947" complexity="57">
          <methods>
            <method name="Initialize" signature="(Microsoft.Azure.WebJobs.Host.Config.ExtensionConfigContext)" line-rate="0.9838" branch-rate="0.5" complexity="2">
              <lines>
                <line number="52" hits="123" branch="True" condition-coverage="50% (1/2)">
                  <conditions>
                    <condition number="1" type="jump" coverage="50%" />
                  </conditions>
                </line>
                <line number="54" hits="0" branch="False" />
                <line number="57" hits="123" branch="False" />
                <line number="59" hits="123" branch="False" />
                <line number="62" hits="123" branch="False" />
                <line number="63" hits="123" branch="False" />
                <line number="64" hits="123" branch="False" />
                <line number="65" hits="123" branch="False" />
                <line number="66" hits="123" branch="False" />
                <line number="67" hits="123" branch="False" />
                <line number="68" hits="142" branch="False" />
                <line number="69" hits="123" branch="False" />
                <line number="70" hits="123" branch="False" />
                <line number="71" hits="123" branch="False" />
                <line number="72" hits="123" branch="False" />
                <line number="73" hits="123" branch="False" />
                <line number="74" hits="123" branch="False" />
                <line number="75" hits="123" branch="False" />
                <line number="77" hits="123" branch="False" />
                <line number="78" hits="123" branch="False" />
                <line number="79" hits="123" branch="False" />
                <line number="80" hits="123" branch="False" />
                <line number="81" hits="123" branch="False" />
                <line number="82" hits="123" branch="False" />
                <line number="83" hits="123" branch="False" />
                <line number="85" hits="123" branch="False" />
                <line number="86" hits="123" branch="False" />
                <line number="87" hits="123" branch="False" />
                <line number="88" hits="123" branch="False" />
                <line number="89" hits="123" branch="False" />
                <line number="90" hits="123" branch="False" />
                <line number="91" hits="145" branch="False" />
                <line number="93" hits="123" branch="False" />
                <line number="94" hits="123" branch="False" />
                <line number="95" hits="123" branch="False" />
                <line number="96" hits="123" branch="False" />
                <line number="97" hits="123" branch="False" />
                <line number="98" hits="123" branch="False" />
                <line number="99" hits="154" branch="False" />
                <line number="101" hits="123" branch="False" />
                <line number="102" hits="123" branch="False" />
                <line number="103" hits="123" branch="False" />
                <line number="104" hits="123" branch="False" />
                <line number="105" hits="123" branch="False" />
                <line number="106" hits="123" branch="False" />
                <line number="107" hits="123" branch="False" />
                <line number="109" hits="123" branch="False" />
                <line number="110" hits="123" branch="False" />
                <line number="111" hits="123" branch="False" />
                <line number="112" hits="123" branch="False" />
                <line number="113" hits="123" branch="False" />
                <line number="115" hits="123" branch="False" />
                <line number="116" hits="123" branch="False" />
                <line number="117" hits="123" branch="False" />
                <line number="118" hits="123" branch="False" />
                <line number="119" hits="123" branch="False" />
                <line number="121" hits="123" branch="False" />
                <line number="122" hits="123" branch="False" />
                <line number="123" hits="123" branch="False" />
                <line number="124" hits="123" branch="False" />
                <line number="125" hits="123" branch="False" />
                <line number="126" hits="123" branch="False" />
              </lines>
            </method>
            <method name="CreatePubSubEvent" signature="(System.Byte[])" line-rate="0" branch-rate="1" complexity="1">
              <lines>
                <line number="130" hits="0" branch="False" />
              </lines>
            </method>
            <method name="CreatePubSubEvent" signature="(System.Object)" line-rate="1" branch-rate="1" complexity="1">
              <lines>
                <line number="135" hits="18" branch="False" />
              </lines>
            </method>
            <method name="CreatePubSubEvent" signature="(Newtonsoft.Json.Linq.JObject)" line-rate="0" branch-rate="1" complexity="1">
              <lines>
                <line number="140" hits="0" branch="False" />
              </lines>
            </method>
            <method name="CreatePubSubEvent" signature="(Newtonsoft.Json.Linq.JToken)" line-rate="0" branch-rate="1" complexity="1">
              <lines>
                <line number="145" hits="0" branch="False" />
              </lines>
            </method>
            <method name="CreatePubSubEvent" signature="(System.Text.Json.JsonElement)" line-rate="0" branch-rate="0" complexity="8">
              <lines>
                <line number="150" hits="0" branch="True" condition-coverage="0% (0/2)">
                  <conditions>
                    <condition number="14" type="jump" coverage="0%" />
                  </conditions>
                </line>
                <line number="152" hits="0" branch="False" />
                <line number="155" hits="0" branch="False" />
                <line number="156" hits="0" branch="True" condition-coverage="0% (0/2)">
                  <conditions>
                    <condition number="55" type="jump" coverage="0%" />
                  </conditions>
                </line>
                <line number="158" hits="0" branch="False" />
                <line number="161" hits="0" branch="False" />
                <line number="163" hits="0" branch="True" condition-coverage="0% (0/2)">
                  <conditions>
                    <condition number="110" type="jump" coverage="0%" />
                  </conditions>
                </line>
                <line number="165" hits="0" branch="False" />
                <line number="168" hits="0" branch="True" condition-coverage="0% (0/2)">
                  <conditions>
                    <condition number="139" type="jump" coverage="0%" />
                  </conditions>
                </line>
                <line number="170" hits="0" branch="False" />
                <line number="173" hits="0" branch="False" />
              </lines>
            </method>
            <method name="BytesToJsonElement" signature="(System.Byte[])" line-rate="0" branch-rate="1" complexity="1">
              <lines>
                <line number="178" hits="0" branch="False" />
                <line number="179" hits="0" branch="False" />
              </lines>
            </method>
            <method name="CreateBindingMessage" signature="(System.Byte[])" line-rate="0" branch-rate="1" complexity="1">
              <lines>
                <line number="184" hits="0" branch="False" />
              </lines>
            </method>
            <method name="CreateBindingMessage" signature="(System.Object)" line-rate="1" branch-rate="1" complexity="1">
              <lines>
                <line number="189" hits="9" branch="False" />
              </lines>
            </method>
            <method name="CreateBindingMessage" signature="(Newtonsoft.Json.Linq.JObject)" line-rate="0" branch-rate="1" complexity="1">
              <lines>
                <line number="194" hits="0" branch="False" />
              </lines>
            </method>
            <method name="CreateBindingMessage" signature="(Newtonsoft.Json.Linq.JToken)" line-rate="0" branch-rate="1" complexity="1">
              <lines>
                <line number="199" hits="0" branch="False" />
              </lines>
            </method>
            <method name="CreateBindingMessage" signature="(System.Text.Json.JsonElement)" line-rate="0.8461" branch-rate="0.8" complexity="10">
              <lines>
                <line number="204" hits="9" branch="True" condition-coverage="50% (1/2)">
                  <conditions>
                    <condition number="14" type="jump" coverage="50%" />
                  </conditions>
                </line>
                <line number="206" hits="0" branch="False" />
                <line number="209" hits="9" branch="False" />
                <line number="210" hits="9" branch="True" condition-coverage="50% (1/2)">
                  <conditions>
                    <condition number="40" type="jump" coverage="50%" />
                  </conditions>
                </line>
                <line number="212" hits="0" branch="False" />
                <line number="215" hits="9" branch="False" />
                <line number="217" hits="9" branch="True" condition-coverage="100% (2/2)">
                  <conditions>
                    <condition number="81" type="jump" coverage="100%" />
                  </conditions>
                </line>
                <line number="219" hits="9" branch="False" />
                <line number="222" hits="9" branch="True" condition-coverage="100% (2/2)">
                  <conditions>
                    <condition number="110" type="jump" coverage="100%" />
                  </conditions>
                </line>
                <line number="224" hits="9" branch="False" />
                <line number="227" hits="9" branch="True" condition-coverage="100% (2/2)">
                  <conditions>
                    <condition number="139" type="jump" coverage="100%" />
                  </conditions>
                </line>
                <line number="229" hits="9" branch="False" />
                <line number="232" hits="9" branch="False" />
              </lines>
            </method>
            <method name="CreateSaveStateParameters" signature="(System.Byte[])" line-rate="0" branch-rate="1" complexity="1">
              <lines>
                <line number="237" hits="0" branch="False" />
              </lines>
            </method>
            <method name="CreateSaveStateParameters" signature="(Newtonsoft.Json.Linq.JObject)" line-rate="1" branch-rate="1" complexity="1">
              <lines>
                <line number="242" hits="1" branch="False" />
              </lines>
            </method>
            <method name="CreateSaveStateParameters" signature="(Newtonsoft.Json.Linq.JToken)" line-rate="0" branch-rate="1" complexity="1">
              <lines>
                <line number="247" hits="0" branch="False" />
              </lines>
            </method>
            <method name="CreateSaveStateParameters" signature="(System.Text.Json.JsonElement)" line-rate="0.8332999999999999" branch-rate="0.75" complexity="4">
              <lines>
                <line number="252" hits="2" branch="True" condition-coverage="50% (1/2)">
                  <conditions>
                    <condition number="14" type="jump" coverage="50%" />
                  </conditions>
                </line>
                <line number="254" hits="0" branch="False" />
                <line number="257" hits="2" branch="False" />
                <line number="259" hits="2" branch="True" condition-coverage="100% (2/2)">
                  <conditions>
                    <condition number="58" type="jump" coverage="100%" />
                  </conditions>
                </line>
                <line number="261" hits="2" branch="False" />
                <line number="264" hits="2" branch="False" />
              </lines>
            </method>
            <method name="CreateSaveStateParameters" signature="(System.Object)" line-rate="1" branch-rate="1" complexity="1">
              <lines>
                <line number="269" hits="16" branch="False" />
              </lines>
            </method>
            <method name="CreateInvokeMethodParameters" signature="(System.Byte[])" line-rate="0" branch-rate="1" complexity="1">
              <lines>
                <line number="274" hits="0" branch="False" />
              </lines>
            </method>
            <method name="CreateInvokeMethodParameters" signature="(Newtonsoft.Json.Linq.JObject)" line-rate="0" branch-rate="1" complexity="1">
              <lines>
                <line number="279" hits="0" branch="False" />
              </lines>
            </method>
            <method name="CreateInvokeMethodParameters" signature="(Newtonsoft.Json.Linq.JToken)" line-rate="0" branch-rate="1" complexity="1">
              <lines>
                <line number="284" hits="0" branch="False" />
              </lines>
            </method>
            <method name="CreateInvokeMethodParameters" signature="(System.Text.Json.JsonElement)" line-rate="0" branch-rate="0" complexity="8">
              <lines>
                <line number="289" hits="0" branch="False" />
                <line number="291" hits="0" branch="True" condition-coverage="0% (0/2)">
                  <conditions>
                    <condition number="20" type="jump" coverage="0%" />
                  </conditions>
                </line>
                <line number="293" hits="0" branch="False" />
                <line number="296" hits="0" branch="True" condition-coverage="0% (0/2)">
                  <conditions>
                    <condition number="49" type="jump" coverage="0%" />
                  </conditions>
                </line>
                <line number="298" hits="0" branch="False" />
                <line number="301" hits="0" branch="True" condition-coverage="0% (0/2)">
                  <conditions>
                    <condition number="78" type="jump" coverage="0%" />
                  </conditions>
                </line>
                <line number="303" hits="0" branch="False" />
                <line number="306" hits="0" branch="True" condition-coverage="0% (0/2)">
                  <conditions>
                    <condition number="106" type="jump" coverage="0%" />
                  </conditions>
                </line>
                <line number="308" hits="0" branch="False" />
                <line number="311" hits="0" branch="False" />
              </lines>
            </method>
            <method name="CreateInvokeMethodParameters" signature="(System.Object)" line-rate="0" branch-rate="1" complexity="1">
              <lines>
                <line number="316" hits="0" branch="False" />
              </lines>
            </method>
            <method name="CreateJsonElementFromJObject" signature="(Newtonsoft.Json.Linq.JObject)" line-rate="1" branch-rate="1" complexity="1">
              <lines>
                <line number="321" hits="1" branch="False" />
              </lines>
            </method>
            <method name="CreateJsonElementFromJToken" signature="(Newtonsoft.Json.Linq.JToken)" line-rate="0" branch-rate="1" complexity="1">
              <lines>
                <line number="326" hits="0" branch="False" />
              </lines>
            </method>
            <method name=".ctor" signature="(Microsoft.Azure.WebJobs.Extensions.Dapr.Services.IDaprServiceClient,Microsoft.Azure.WebJobs.Extensions.Dapr.Services.IDaprServiceListener,Microsoft.Extensions.Logging.ILoggerFactory,Microsoft.Azure.WebJobs.INameResolver)" line-rate="1" branch-rate="0.5" complexity="6">
              <lines>
                <line number="36" hits="123" branch="False" />
                <line number="37" hits="123" branch="False" />
                <line number="38" hits="123" branch="False" />
                <line number="39" hits="123" branch="False" />
                <line number="40" hits="123" branch="False" />
                <line number="42" hits="123" branch="True" condition-coverage="50% (1/2)">
                  <conditions>
                    <condition number="9" type="jump" coverage="50%" />
                  </conditions>
                </line>
                <line number="43" hits="123" branch="True" condition-coverage="50% (1/2)">
                  <conditions>
                    <condition number="31" type="jump" coverage="50%" />
                  </conditions>
                </line>
                <line number="44" hits="123" branch="True" condition-coverage="50% (1/2)">
                  <conditions>
                    <condition number="53" type="jump" coverage="50%" />
                  </conditions>
                </line>
                <line number="45" hits="123" branch="False" />
                <line number="47" hits="123" branch="False" />
                <line number="48" hits="123" branch="False" />
              </lines>
            </method>
          </methods>
          <lines>
            <line number="52" hits="123" branch="True" condition-coverage="50% (1/2)">
              <conditions>
                <condition number="1" type="jump" coverage="50%" />
              </conditions>
            </line>
            <line number="54" hits="0" branch="False" />
            <line number="57" hits="123" branch="False" />
            <line number="59" hits="123" branch="False" />
            <line number="62" hits="123" branch="False" />
            <line number="63" hits="123" branch="False" />
            <line number="64" hits="123" branch="False" />
            <line number="65" hits="123" branch="False" />
            <line number="66" hits="123" branch="False" />
            <line number="67" hits="123" branch="False" />
            <line number="68" hits="142" branch="False" />
            <line number="69" hits="123" branch="False" />
            <line number="70" hits="123" branch="False" />
            <line number="71" hits="123" branch="False" />
            <line number="72" hits="123" branch="False" />
            <line number="73" hits="123" branch="False" />
            <line number="74" hits="123" branch="False" />
            <line number="75" hits="123" branch="False" />
            <line number="77" hits="123" branch="False" />
            <line number="78" hits="123" branch="False" />
            <line number="79" hits="123" branch="False" />
            <line number="80" hits="123" branch="False" />
            <line number="81" hits="123" branch="False" />
            <line number="82" hits="123" branch="False" />
            <line number="83" hits="123" branch="False" />
            <line number="85" hits="123" branch="False" />
            <line number="86" hits="123" branch="False" />
            <line number="87" hits="123" branch="False" />
            <line number="88" hits="123" branch="False" />
            <line number="89" hits="123" branch="False" />
            <line number="90" hits="123" branch="False" />
            <line number="91" hits="145" branch="False" />
            <line number="93" hits="123" branch="False" />
            <line number="94" hits="123" branch="False" />
            <line number="95" hits="123" branch="False" />
            <line number="96" hits="123" branch="False" />
            <line number="97" hits="123" branch="False" />
            <line number="98" hits="123" branch="False" />
            <line number="99" hits="154" branch="False" />
            <line number="101" hits="123" branch="False" />
            <line number="102" hits="123" branch="False" />
            <line number="103" hits="123" branch="False" />
            <line number="104" hits="123" branch="False" />
            <line number="105" hits="123" branch="False" />
            <line number="106" hits="123" branch="False" />
            <line number="107" hits="123" branch="False" />
            <line number="109" hits="123" branch="False" />
            <line number="110" hits="123" branch="False" />
            <line number="111" hits="123" branch="False" />
            <line number="112" hits="123" branch="False" />
            <line number="113" hits="123" branch="False" />
            <line number="115" hits="123" branch="False" />
            <line number="116" hits="123" branch="False" />
            <line number="117" hits="123" branch="False" />
            <line number="118" hits="123" branch="False" />
            <line number="119" hits="123" branch="False" />
            <line number="121" hits="123" branch="False" />
            <line number="122" hits="123" branch="False" />
            <line number="123" hits="123" branch="False" />
            <line number="124" hits="123" branch="False" />
            <line number="125" hits="123" branch="False" />
            <line number="126" hits="123" branch="False" />
            <line number="130" hits="0" branch="False" />
            <line number="135" hits="18" branch="False" />
            <line number="140" hits="0" branch="False" />
            <line number="145" hits="0" branch="False" />
            <line number="150" hits="0" branch="True" condition-coverage="0% (0/2)">
              <conditions>
                <condition number="14" type="jump" coverage="0%" />
              </conditions>
            </line>
            <line number="152" hits="0" branch="False" />
            <line number="155" hits="0" branch="False" />
            <line number="156" hits="0" branch="True" condition-coverage="0% (0/2)">
              <conditions>
                <condition number="55" type="jump" coverage="0%" />
              </conditions>
            </line>
            <line number="158" hits="0" branch="False" />
            <line number="161" hits="0" branch="False" />
            <line number="163" hits="0" branch="True" condition-coverage="0% (0/2)">
              <conditions>
                <condition number="110" type="jump" coverage="0%" />
              </conditions>
            </line>
            <line number="165" hits="0" branch="False" />
            <line number="168" hits="0" branch="True" condition-coverage="0% (0/2)">
              <conditions>
                <condition number="139" type="jump" coverage="0%" />
              </conditions>
            </line>
            <line number="170" hits="0" branch="False" />
            <line number="173" hits="0" branch="False" />
            <line number="178" hits="0" branch="False" />
            <line number="179" hits="0" branch="False" />
            <line number="184" hits="0" branch="False" />
            <line number="189" hits="9" branch="False" />
            <line number="194" hits="0" branch="False" />
            <line number="199" hits="0" branch="False" />
            <line number="204" hits="9" branch="True" condition-coverage="50% (1/2)">
              <conditions>
                <condition number="14" type="jump" coverage="50%" />
              </conditions>
            </line>
            <line number="206" hits="0" branch="False" />
            <line number="209" hits="9" branch="False" />
            <line number="210" hits="9" branch="True" condition-coverage="50% (1/2)">
              <conditions>
                <condition number="40" type="jump" coverage="50%" />
              </conditions>
            </line>
            <line number="212" hits="0" branch="False" />
            <line number="215" hits="9" branch="False" />
            <line number="217" hits="9" branch="True" condition-coverage="100% (2/2)">
              <conditions>
                <condition number="81" type="jump" coverage="100%" />
              </conditions>
            </line>
            <line number="219" hits="9" branch="False" />
            <line number="222" hits="9" branch="True" condition-coverage="100% (2/2)">
              <conditions>
                <condition number="110" type="jump" coverage="100%" />
              </conditions>
            </line>
            <line number="224" hits="9" branch="False" />
            <line number="227" hits="9" branch="True" condition-coverage="100% (2/2)">
              <conditions>
                <condition number="139" type="jump" coverage="100%" />
              </conditions>
            </line>
            <line number="229" hits="9" branch="False" />
            <line number="232" hits="9" branch="False" />
            <line number="237" hits="0" branch="False" />
            <line number="242" hits="1" branch="False" />
            <line number="247" hits="0" branch="False" />
            <line number="252" hits="2" branch="True" condition-coverage="50% (1/2)">
              <conditions>
                <condition number="14" type="jump" coverage="50%" />
              </conditions>
            </line>
            <line number="254" hits="0" branch="False" />
            <line number="257" hits="2" branch="False" />
            <line number="259" hits="2" branch="True" condition-coverage="100% (2/2)">
              <conditions>
                <condition number="58" type="jump" coverage="100%" />
              </conditions>
            </line>
            <line number="261" hits="2" branch="False" />
            <line number="264" hits="2" branch="False" />
            <line number="269" hits="16" branch="False" />
            <line number="274" hits="0" branch="False" />
            <line number="279" hits="0" branch="False" />
            <line number="284" hits="0" branch="False" />
            <line number="289" hits="0" branch="False" />
            <line number="291" hits="0" branch="True" condition-coverage="0% (0/2)">
              <conditions>
                <condition number="20" type="jump" coverage="0%" />
              </conditions>
            </line>
            <line number="293" hits="0" branch="False" />
            <line number="296" hits="0" branch="True" condition-coverage="0% (0/2)">
              <conditions>
                <condition number="49" type="jump" coverage="0%" />
              </conditions>
            </line>
            <line number="298" hits="0" branch="False" />
            <line number="301" hits="0" branch="True" condition-coverage="0% (0/2)">
              <conditions>
                <condition number="78" type="jump" coverage="0%" />
              </conditions>
            </line>
            <line number="303" hits="0" branch="False" />
            <line number="306" hits="0" branch="True" condition-coverage="0% (0/2)">
              <conditions>
                <condition number="106" type="jump" coverage="0%" />
              </conditions>
            </line>
            <line number="308" hits="0" branch="False" />
            <line number="311" hits="0" branch="False" />
            <line number="316" hits="0" branch="False" />
            <line number="321" hits="1" branch="False" />
            <line number="326" hits="0" branch="False" />
            <line number="36" hits="123" branch="False" />
            <line number="37" hits="123" branch="False" />
            <line number="38" hits="123" branch="False" />
            <line number="39" hits="123" branch="False" />
            <line number="40" hits="123" branch="False" />
            <line number="42" hits="123" branch="True" condition-coverage="50% (1/2)">
              <conditions>
                <condition number="9" type="jump" coverage="50%" />
              </conditions>
            </line>
            <line number="43" hits="123" branch="True" condition-coverage="50% (1/2)">
              <conditions>
                <condition number="31" type="jump" coverage="50%" />
              </conditions>
            </line>
            <line number="44" hits="123" branch="True" condition-coverage="50% (1/2)">
              <conditions>
                <condition number="53" type="jump" coverage="50%" />
              </conditions>
            </line>
            <line number="45" hits="123" branch="False" />
            <line number="47" hits="123" branch="False" />
            <line number="48" hits="123" branch="False" />
          </lines>
        </class>
        <class name="Microsoft.Azure.WebJobs.Extensions.Dapr.DaprWebJobsBuilderExtensions" filename="Microsoft.Azure.WebJobs.Extensions.Dapr\DaprWebJobsBuilderExtensions.cs" line-rate="0.8887999999999999" branch-rate="0.5" complexity="2">
          <methods>
            <method name="AddDapr" signature="(Microsoft.Azure.WebJobs.IWebJobsBuilder)" line-rate="0.8887999999999999" branch-rate="0.5" complexity="2">
              <lines>
                <line number="25" hits="123" branch="True" condition-coverage="50% (1/2)">
                  <conditions>
                    <condition number="1" type="jump" coverage="50%" />
                  </conditions>
                </line>
                <line number="27" hits="0" branch="False" />
                <line number="30" hits="123" branch="False" />
                <line number="31" hits="123" branch="False" />
                <line number="32" hits="123" branch="False" />
                <line number="33" hits="123" branch="False" />
                <line number="34" hits="123" branch="False" />
                <line number="35" hits="123" branch="False" />
                <line number="36" hits="123" branch="False" />
              </lines>
            </method>
          </methods>
          <lines>
            <line number="25" hits="123" branch="True" condition-coverage="50% (1/2)">
              <conditions>
                <condition number="1" type="jump" coverage="50%" />
              </conditions>
            </line>
            <line number="27" hits="0" branch="False" />
            <line number="30" hits="123" branch="False" />
            <line number="31" hits="123" branch="False" />
            <line number="32" hits="123" branch="False" />
            <line number="33" hits="123" branch="False" />
            <line number="34" hits="123" branch="False" />
            <line number="35" hits="123" branch="False" />
            <line number="36" hits="123" branch="False" />
          </lines>
        </class>
        <class name="Microsoft.Azure.WebJobs.Extensions.Dapr.DaprWebJobsStartup" filename="Microsoft.Azure.WebJobs.Extensions.Dapr\DaprWebJobsStartup.cs" line-rate="0" branch-rate="1" complexity="1">
          <methods>
            <method name="Configure" signature="(Microsoft.Azure.WebJobs.IWebJobsBuilder)" line-rate="0" branch-rate="1" complexity="1">
              <lines>
                <line number="24" hits="0" branch="False" />
                <line number="25" hits="0" branch="False" />
              </lines>
            </method>
          </methods>
          <lines>
            <line number="24" hits="0" branch="False" />
            <line number="25" hits="0" branch="False" />
          </lines>
        </class>
        <class name="Microsoft.Azure.WebJobs.Extensions.Dapr.DaprBindingTriggerAttribute" filename="Microsoft.Azure.WebJobs.Extensions.Dapr\Triggers\DaprBindingTriggerAttribute.cs" line-rate="1" branch-rate="1" complexity="1">
          <methods>
            <method name="get_BindingName" signature="()" line-rate="1" branch-rate="1" complexity="1">
              <lines>
                <line number="26" hits="168" branch="False" />
              </lines>
            </method>
          </methods>
          <lines>
            <line number="26" hits="168" branch="False" />
          </lines>
        </class>
        <class name="Microsoft.Azure.WebJobs.Extensions.Dapr.DaprBindingTriggerBindingProvider" filename="Microsoft.Azure.WebJobs.Extensions.Dapr\Triggers\DaprBindingTriggerBindingProvider.cs" line-rate="1" branch-rate="0.75" complexity="4">
          <methods>
            <method name="TryCreateAsync" signature="(Microsoft.Azure.WebJobs.Host.Triggers.TriggerBindingProviderContext)" line-rate="1" branch-rate="1" complexity="2">
              <lines>
                <line number="35" hits="1818" branch="False" />
                <line number="36" hits="1818" branch="False" />
                <line number="37" hits="1818" branch="True" condition-coverage="100% (2/2)">
                  <conditions>
                    <condition number="16" type="jump" coverage="100%" />
                  </conditions>
                </line>
                <line number="39" hits="1674" branch="False" />
                <line number="42" hits="144" branch="False" />
                <line number="44" hits="144" branch="False" />
                <line number="45" hits="144" branch="False" />
              </lines>
            </method>
            <method name=".ctor" signature="(Microsoft.Extensions.Logging.ILogger,Microsoft.Azure.WebJobs.Extensions.Dapr.Services.IDaprServiceListener,Microsoft.Azure.WebJobs.INameResolver)" line-rate="1" branch-rate="0.5" complexity="2">
              <lines>
                <line number="26" hits="123" branch="False" />
                <line number="28" hits="123" branch="False" />
                <line number="29" hits="123" branch="True" condition-coverage="50% (1/2)">
                  <conditions>
                    <condition number="16" type="jump" coverage="50%" />
                  </conditions>
                </line>
                <line number="30" hits="123" branch="False" />
                <line number="31" hits="123" branch="False" />
              </lines>
            </method>
          </methods>
          <lines>
            <line number="35" hits="1818" branch="False" />
            <line number="36" hits="1818" branch="False" />
            <line number="37" hits="1818" branch="True" condition-coverage="100% (2/2)">
              <conditions>
                <condition number="16" type="jump" coverage="100%" />
              </conditions>
            </line>
            <line number="39" hits="1674" branch="False" />
            <line number="42" hits="144" branch="False" />
            <line number="44" hits="144" branch="False" />
            <line number="45" hits="144" branch="False" />
            <line number="26" hits="123" branch="False" />
            <line number="28" hits="123" branch="False" />
            <line number="29" hits="123" branch="True" condition-coverage="50% (1/2)">
              <conditions>
                <condition number="16" type="jump" coverage="50%" />
              </conditions>
            </line>
            <line number="30" hits="123" branch="False" />
            <line number="31" hits="123" branch="False" />
          </lines>
        </class>
        <class name="Microsoft.Azure.WebJobs.Extensions.Dapr.DaprBindingTriggerBindingProvider/DaprTriggerBinding" filename="Microsoft.Azure.WebJobs.Extensions.Dapr\Triggers\DaprBindingTriggerBindingProvider.cs" line-rate="1" branch-rate="0.5" complexity="5">
          <methods>
[...]
          <methods>
            <method name="MoveNext" signature="()" line-rate="1" branch-rate="1" complexity="1">
              <lines>
                <line number="31" hits="2" branch="False" />
                <line number="32" hits="2" branch="False" />
                <line number="33" hits="2" branch="False" />
                <line number="34" hits="2" branch="False" />
                <line number="35" hits="2" branch="False" />
                <line number="36" hits="2" branch="False" />
                <line number="37" hits="2" branch="False" />
                <line number="38" hits="2" branch="False" />
              </lines>
            </method>
          </methods>
          <lines>
            <line number="31" hits="2" branch="False" />
            <line number="32" hits="2" branch="False" />
            <line number="33" hits="2" branch="False" />
            <line number="34" hits="2" branch="False" />
            <line number="35" hits="2" branch="False" />
            <line number="36" hits="2" branch="False" />
            <line number="37" hits="2" branch="False" />
            <line number="38" hits="2" branch="False" />
          </lines>
        </class>
        <class name="Microsoft.Azure.WebJobs.Extensions.Dapr.Bindings.Converters.DaprStateConverter" filename="Microsoft.Azure.WebJobs.Extensions.Dapr\Bindings\Converters\DaprStateConverter.cs" line-rate="1" branch-rate="1" complexity="2">
          <methods>
            <method name="Microsoft.Azure.WebJobs.IAsyncConverter&lt;Microsoft.Azure.WebJobs.Extensions.Dapr.DaprStateAttribute,System.String&gt;.ConvertAsync" signature="(Microsoft.Azure.WebJobs.Extensions.Dapr.DaprStateAttribute,System.Threading.CancellationToken)" line-rate="1" branch-rate="1" complexity="1">
              <lines>
                <line number="85" hits="2" branch="False" />
              </lines>
            </method>
            <method name=".ctor" signature="(Microsoft.Azure.WebJobs.Extensions.Dapr.Services.IDaprServiceClient)" line-rate="1" branch-rate="1" complexity="1">
              <lines>
                <line number="33" hits="123" branch="False" />
                <line number="35" hits="123" branch="False" />
                <line number="36" hits="123" branch="False" />
              </lines>
            </method>
          </methods>
          <lines>
            <line number="85" hits="2" branch="False" />
            <line number="33" hits="123" branch="False" />
            <line number="35" hits="123" branch="False" />
            <line number="36" hits="123" branch="False" />
          </lines>
        </class>
        <class name="Microsoft.Azure.WebJobs.Extensions.Dapr.Bindings.Converters.DaprStateConverter/&lt;ConvertAsync&gt;d__3" filename="Microsoft.Azure.WebJobs.Extensions.Dapr\Bindings\Converters\DaprStateConverter.cs" line-rate="0" branch-rate="0" complexity="4">
          <methods>
            <method name="MoveNext" signature="()" line-rate="0" branch-rate="0" complexity="4">
              <lines>
                <line number="57" hits="0" branch="False" />
                <line number="58" hits="0" branch="True" condition-coverage="0% (0/2)">
                  <conditions>
                    <condition number="130" type="jump" coverage="0%" />
                  </conditions>
                </line>
                <line number="60" hits="0" branch="False" />
                <line number="65" hits="0" branch="False" />
                <line number="70" hits="0" branch="False" />
                <line number="71" hits="0" branch="False" />
                <line number="72" hits="0" branch="False" />
                <line number="75" hits="0" branch="False" />
                <line number="76" hits="0" branch="False" />
                <line number="78" hits="0" branch="True" condition-coverage="0% (0/2)">
                  <conditions>
                    <condition number="205" type="jump" coverage="0%" />
                  </conditions>
                </line>
                <line number="79" hits="0" branch="False" />
              </lines>
            </method>
          </methods>
          <lines>
            <line number="57" hits="0" branch="False" />
            <line number="58" hits="0" branch="True" condition-coverage="0% (0/2)">
              <conditions>
                <condition number="130" type="jump" coverage="0%" />
              </conditions>
            </line>
            <line number="60" hits="0" branch="False" />
            <line number="65" hits="0" branch="False" />
            <line number="70" hits="0" branch="False" />
            <line number="71" hits="0" branch="False" />
            <line number="72" hits="0" branch="False" />
            <line number="75" hits="0" branch="False" />
            <line number="76" hits="0" branch="False" />
            <line number="78" hits="0" branch="True" condition-coverage="0% (0/2)">
              <conditions>
                <condition number="205" type="jump" coverage="0%" />
              </conditions>
            </line>
            <line number="79" hits="0" branch="False" />
          </lines>
        </class>
        <class name="Microsoft.Azure.WebJobs.Extensions.Dapr.Bindings.Converters.DaprStateConverter/&lt;GetStateRecordAsync&gt;d__10" filename="Microsoft.Azure.WebJobs.Extensions.Dapr\Bindings\Converters\DaprStateConverter.cs" line-rate="1" branch-rate="0.5" complexity="4">
          <methods>
            <method name="MoveNext" signature="()" line-rate="1" branch-rate="0.5" complexity="4">
              <lines>
                <line number="153" hits="6" branch="True" condition-coverage="50% (2/4)">
                  <conditions>
                    <condition number="49" type="jump" coverage="50%" />
                    <condition number="80" type="jump" coverage="50%" />
                  </conditions>
                </line>
                <line number="154" hits="6" branch="False" />
                <line number="155" hits="6" branch="False" />
                <line number="156" hits="6" branch="False" />
                <line number="157" hits="6" branch="False" />
                <line number="158" hits="6" branch="False" />
                <line number="159" hits="6" branch="False" />
              </lines>
            </method>
          </methods>
          <lines>
            <line number="153" hits="6" branch="True" condition-coverage="50% (2/4)">
              <conditions>
                <condition number="49" type="jump" coverage="50%" />
                <condition number="80" type="jump" coverage="50%" />
              </conditions>
            </line>
            <line number="154" hits="6" branch="False" />
            <line number="155" hits="6" branch="False" />
            <line number="156" hits="6" branch="False" />
            <line number="157" hits="6" branch="False" />
            <line number="158" hits="6" branch="False" />
            <line number="159" hits="6" branch="False" />
          </lines>
        </class>
        <class name="Microsoft.Azure.WebJobs.Extensions.Dapr.Bindings.Converters.DaprStateConverter/&lt;GetStringContentAsync&gt;d__9" filename="Microsoft.Azure.WebJobs.Extensions.Dapr\Bindings\Converters\DaprStateConverter.cs" line-rate="0.5555" branch-rate="0.5" complexity="2">
          <methods>
            <method name="MoveNext" signature="()" line-rate="0.5555" branch-rate="0.5" complexity="2">
              <lines>
                <line number="137" hits="3" branch="False" />
                <line number="139" hits="3" branch="True" condition-coverage="50% (1/2)">
                  <conditions>
                    <condition number="142" type="jump" coverage="50%" />
                  </conditions>
                </line>
                <line number="141" hits="0" branch="False" />
                <line number="142" hits="0" branch="False" />
                <line number="143" hits="0" branch="False" />
                <line number="144" hits="0" branch="False" />
                <line number="147" hits="3" branch="False" />
                <line number="148" hits="3" branch="False" />
                <line number="149" hits="3" branch="False" />
              </lines>
            </method>
          </methods>
          <lines>
            <line number="137" hits="3" branch="False" />
            <line number="139" hits="3" branch="True" condition-coverage="50% (1/2)">
              <conditions>
                <condition number="142" type="jump" coverage="50%" />
              </conditions>
            </line>
            <line number="141" hits="0" branch="False" />
            <line number="142" hits="0" branch="False" />
            <line number="143" hits="0" branch="False" />
            <line number="144" hits="0" branch="False" />
            <line number="147" hits="3" branch="False" />
            <line number="148" hits="3" branch="False" />
            <line number="149" hits="3" branch="False" />
          </lines>
        </class>
        <class name="Microsoft.Azure.WebJobs.Extensions.Dapr.Bindings.Converters.DaprStateConverter/&lt;Microsoft-Azure-WebJobs-IAsyncConverter&lt;Microsoft-Azure-WebJobs-Extensions-Dapr-DaprStateAttribute,Microsoft-Azure-WebJobs-Extensions-Dapr-DaprStateRecord&gt;-ConvertAsync&gt;d__2" filename="Microsoft.Azure.WebJobs.Extensions.Dapr\Bindings\Converters\DaprStateConverter.cs" line-rate="1" branch-rate="1" complexity="2">
          <methods>
            <method name="MoveNext" signature="()" line-rate="1" branch-rate="1" complexity="2">
              <lines>
                <line number="42" hits="1" branch="False" />
                <line number="43" hits="1" branch="False" />
                <line number="44" hits="1" branch="False" />
                <line number="45" hits="1" branch="True" condition-coverage="100% (2/2)">
                  <conditions>
                    <condition number="273" type="jump" coverage="100%" />
                  </conditions>
                </line>
                <line number="47" hits="1" branch="False" />
                <line number="50" hits="1" branch="False" />
                <line number="51" hits="1" branch="False" />
              </lines>
            </method>
          </methods>
          <lines>
            <line number="42" hits="1" branch="False" />
            <line number="43" hits="1" branch="False" />
            <line number="44" hits="1" branch="False" />
            <line number="45" hits="1" branch="True" condition-coverage="100% (2/2)">
              <conditions>
                <condition number="273" type="jump" coverage="100%" />
              </conditions>
            </line>
            <line number="47" hits="1" branch="False" />
            <line number="50" hits="1" branch="False" />
            <line number="51" hits="1" branch="False" />
          </lines>
        </class>
        <class name="Microsoft.Azure.WebJobs.Extensions.Dapr.Bindings.Converters.DaprStateConverter/&lt;Microsoft-Azure-WebJobs-IAsyncConverter&lt;Microsoft-Azure-WebJobs-Extensions-Dapr-DaprStateAttribute,Newtonsoft-Json-Linq-JObject&gt;-ConvertAsync&gt;d__7" filename="Microsoft.Azure.WebJobs.Extensions.Dapr\Bindings\Converters\DaprStateConverter.cs" line-rate="0" branch-rate="0" complexity="2">
          <methods>
            <method name="MoveNext" signature="()" line-rate="0" branch-rate="0" complexity="2">
              <lines>
                <line number="113" hits="0" branch="False" />
                <line number="114" hits="0" branch="True" condition-coverage="0% (0/2)">
                  <conditions>
                    <condition number="127" type="jump" coverage="0%" />
                  </conditions>
                </line>
                <line number="116" hits="0" branch="False" />
                <line number="119" hits="0" branch="False" />
                <line number="120" hits="0" branch="False" />
              </lines>
            </method>
          </methods>
          <lines>
            <line number="113" hits="0" branch="False" />
            <line number="114" hits="0" branch="True" condition-coverage="0% (0/2)">
              <conditions>
                <condition number="127" type="jump" coverage="0%" />
              </conditions>
            </line>
            <line number="116" hits="0" branch="False" />
            <line number="119" hits="0" branch="False" />
            <line number="120" hits="0" branch="False" />
          </lines>
        </class>
        <class name="Microsoft.Azure.WebJobs.Extensions.Dapr.Bindings.Converters.DaprStateConverter/&lt;Microsoft-Azure-WebJobs-IAsyncConverter&lt;Microsoft-Azure-WebJobs-Extensions-Dapr-DaprStateAttribute,Newtonsoft-Json-Linq-JToken&gt;-ConvertAsync&gt;d__8" filename="Microsoft.Azure.WebJobs.Extensions.Dapr\Bindings\Converters\DaprStateConverter.cs" line-rate="0" branch-rate="0" complexity="2">
          <methods>
            <method name="MoveNext" signature="()" line-rate="0" branch-rate="0" complexity="2">
              <lines>
                <line number="126" hits="0" branch="False" />
                <line number="127" hits="0" branch="True" condition-coverage="0% (0/2)">
                  <conditions>
                    <condition number="127" type="jump" coverage="0%" />
                  </conditions>
                </line>
                <line number="129" hits="0" branch="False" />
                <line number="132" hits="0" branch="False" />
                <line number="133" hits="0" branch="False" />
              </lines>
            </method>
          </methods>
          <lines>
            <line number="126" hits="0" branch="False" />
            <line number="127" hits="0" branch="True" condition-coverage="0% (0/2)">
              <conditions>
                <condition number="127" type="jump" coverage="0%" />
              </conditions>
            </line>
            <line number="129" hits="0" branch="False" />
            <line number="132" hits="0" branch="False" />
            <line number="133" hits="0" branch="False" />
          </lines>
        </class>
        <class name="Microsoft.Azure.WebJobs.Extensions.Dapr.Bindings.Converters.DaprStateConverter/&lt;Microsoft-Azure-WebJobs-IAsyncConverter&lt;Microsoft-Azure-WebJobs-Extensions-Dapr-DaprStateAttribute,System-IO-Stream&gt;-ConvertAsync&gt;d__5" filename="Microsoft.Azure.WebJobs.Extensions.Dapr\Bindings\Converters\DaprStateConverter.cs" line-rate="1" branch-rate="1" complexity="1">
          <methods>
            <method name="MoveNext" signature="()" line-rate="1" branch-rate="1" complexity="1">
              <lines>
                <line number="92" hits="2" branch="False" />
                <line number="93" hits="2" branch="False" />
                <line number="94" hits="2" branch="False" />
              </lines>
            </method>
          </methods>
          <lines>
            <line number="92" hits="2" branch="False" />
            <line number="93" hits="2" branch="False" />
            <line number="94" hits="2" branch="False" />
          </lines>
        </class>
        <class name="Microsoft.Azure.WebJobs.Extensions.Dapr.Bindings.Converters.DaprStateConverter/&lt;Microsoft-Azure-WebJobs-IAsyncConverter&lt;Microsoft-Azure-WebJobs-Extensions-Dapr-DaprStateAttribute,System-Text-Json-JsonElement&gt;-ConvertAsync&gt;d__6" filename="Microsoft.Azure.WebJobs.Extensions.Dapr\Bindings\Converters\DaprStateConverter.cs" line-rate="0.8" branch-rate="0.5" complexity="2">
          <methods>
            <method name="MoveNext" signature="()" line-rate="0.8" branch-rate="0.5" complexity="2">
              <lines>
                <line number="100" hits="1" branch="False" />
                <line number="101" hits="1" branch="True" condition-coverage="50% (1/2)">
                  <conditions>
                    <condition number="127" type="jump" coverage="50%" />
                  </conditions>
                </line>
                <line number="103" hits="0" branch="False" />
                <line number="106" hits="1" branch="False" />
                <line number="107" hits="1" branch="False" />
              </lines>
            </method>
          </methods>
          <lines>
            <line number="100" hits="1" branch="False" />
            <line number="101" hits="1" branch="True" condition-coverage="50% (1/2)">
              <conditions>
                <condition number="127" type="jump" coverage="50%" />
              </conditions>
            </line>
            <line number="103" hits="0" branch="False" />
            <line number="106" hits="1" branch="False" />
            <line number="107" hits="1" branch="False" />
          </lines>
        </class>
        <class name="Microsoft.Azure.WebJobs.Extensions.Dapr.Bindings.Converters.DaprStateGenericsConverter`1" filename="Microsoft.Azure.WebJobs.Extensions.Dapr\Bindings\Converters\DaprStateGenericsConverter.cs" line-rate="1" branch-rate="1" complexity="1">
          <methods>
            <method name=".ctor" signature="(Microsoft.Azure.WebJobs.Extensions.Dapr.Services.IDaprServiceClient)" line-rate="1" branch-rate="1" complexity="1">
              <lines>
                <line number="20" hits="23" branch="False" />
                <line number="22" hits="23" branch="False" />
                <line number="23" hits="23" branch="False" />
              </lines>
            </method>
          </methods>
          <lines>
            <line number="20" hits="23" branch="False" />
            <line number="22" hits="23" branch="False" />
            <line number="23" hits="23" branch="False" />
          </lines>
        </class>
        <class name="Microsoft.Azure.WebJobs.Extensions.Dapr.Bindings.Converters.DaprStateGenericsConverter`1/&lt;GetStringContentAsync&gt;d__2" filename="Microsoft.Azure.WebJobs.Extensions.Dapr\Bindings\Converters\DaprStateGenericsConverter.cs" line-rate="1" branch-rate="0.5" complexity="4">
          <methods>
            <method name="MoveNext" signature="()" line-rate="1" branch-rate="0.5" complexity="4">
              <lines>
                <line number="32" hits="1" branch="True" condition-coverage="50% (2/4)">
                  <conditions>
                    <condition number="56" type="jump" coverage="50%" />
                    <condition number="87" type="jump" coverage="50%" />
                  </conditions>
                </line>
                <line number="33" hits="1" branch="False" />
                <line number="34" hits="1" branch="False" />
                <line number="35" hits="1" branch="False" />
                <line number="36" hits="1" branch="False" />
                <line number="38" hits="1" branch="False" />
                <line number="39" hits="1" branch="False" />
                <line number="40" hits="1" branch="False" />
              </lines>
            </method>
          </methods>
          <lines>
            <line number="32" hits="1" branch="True" condition-coverage="50% (2/4)">
              <conditions>
                <condition number="56" type="jump" coverage="50%" />
                <condition number="87" type="jump" coverage="50%" />
              </conditions>
            </line>
            <line number="33" hits="1" branch="False" />
            <line number="34" hits="1" branch="False" />
            <line number="35" hits="1" branch="False" />
            <line number="36" hits="1" branch="False" />
            <line number="38" hits="1" branch="False" />
            <line number="39" hits="1" branch="False" />
            <line number="40" hits="1" branch="False" />
          </lines>
        </class>
      </classes>
    </package>
  </packages>
</coverage>